Grammar

    0 $accept: function $end

    1 function: function_header variables body

    2 function_header: FUNCTION IDENTIFIER optional_parameters RETURNS type ';'
    3                | FUNCTION IDENTIFIER error ';'

    4 optional_parameters: parameters
    5                    | %empty

    6 parameters: parameters ',' parameter
    7           | parameter

    8 parameter: IDENTIFIER ':' type

    9 variables: variables variable
   10          | %empty

   11 variable: IDENTIFIER ':' type IS statement_
   12         | IDENTIFIER ':' LIST OF type IS list ';'
   13         | IDENTIFIER error IS statement_

   14 type: INTEGER
   15     | REAL
   16     | CHARACTER

   17 list: '(' expressions ')'

   18 expressions: expressions ',' expression
   19            | expression

   20 body: BEGIN_ statement_ END ';'

   21 statement_: statement ';'
   22           | error ';'

   23 statement: expression
   24          | WHEN condition ',' expression ':' expression
   25          | WHEN error ',' expression ':' expression
   26          | WHEN condition ',' error ':' expression
   27          | WHEN condition ',' expression ':' error
   28          | WHEN condition error expression ':' expression
   29          | WHEN condition ',' expression error
   30          | WHEN error
   31          | SWITCH expression IS cases OTHERS ARROW statement_ ENDSWITCH
   32          | IF condition THEN statement_ elsif_clauses ELSE statement_ ENDIF
   33          | FOLD direction operator list_choice ENDFOLD

   34 elsif_clauses: elsif_clauses ELSIF condition THEN statement_
   35              | %empty

   36 cases: cases case
   37      | %empty

   38 case: CASE INT_LITERAL ARROW statement_
   39     | CASE error ARROW statement_

   40 direction: LEFT
   41          | RIGHT

   42 operator: ADDOP
   43         | MULOP

   44 list_choice: list
   45            | IDENTIFIER

   46 condition: or_condition

   47 or_condition: or_condition OROP and_condition
   48             | and_condition

   49 and_condition: and_condition ANDOP not_condition
   50              | not_condition

   51 not_condition: NOTOP not_condition
   52              | relation

   53 relation: '(' condition ')'
   54         | expression RELOP expression

   55 expression: expression ADDOP term
   56           | term

   57 term: term MULOP power
   58     | term MODOP power
   59     | power

   60 power: unary EXPOP power
   61      | unary

   62 unary: NEGOP unary
   63      | primary

   64 primary: '(' expression ')'
   65        | INT_LITERAL
   66        | REAL_LITERAL
   67        | CHAR_LITERAL
   68        | IDENTIFIER '(' expression ')'
   69        | IDENTIFIER


Terminals, with rules where they appear

    $end (0) 0
    '(' (40) 17 53 64 68
    ')' (41) 17 53 64 68
    ',' (44) 6 18 24 25 26 27 29
    ':' (58) 8 11 12 24 25 26 27 28
    ';' (59) 2 3 12 20 21 22
    error (256) 3 13 22 25 26 27 28 29 30 39
    IDENTIFIER (258) 2 3 8 11 12 13 45 68 69
    INT_LITERAL (259) 38 65
    REAL_LITERAL (260) 66
    CHAR_LITERAL (261) 67
    ADDOP (262) 42 55
    MULOP (263) 43 57
    MODOP (264) 58
    EXPOP (265) 60
    NEGOP (266) 62
    ANDOP (267) 49
    OROP (268) 47
    NOTOP (269) 51
    RELOP (270) 54
    ARROW (271) 31 38 39
    BEGIN_ (272) 20
    CASE (273) 38 39
    CHARACTER (274) 16
    ELSE (275) 32
    ELSIF (276) 34
    END (277) 20
    ENDIF (278) 32
    ENDFOLD (279) 33
    ENDSWITCH (280) 31
    FOLD (281) 33
    FUNCTION (282) 2 3
    IF (283) 32
    INTEGER (284) 14
    IS (285) 11 12 13 31
    LEFT (286) 40
    LIST (287) 12
    OF (288) 12
    OTHERS (289) 31
    REAL (290) 15
    RETURNS (291) 2
    RIGHT (292) 41
    SWITCH (293) 31
    THEN (294) 32 34
    WHEN (295) 24 25 26 27 28 29 30


Nonterminals, with rules where they appear

    $accept (46)
        on left: 0
    function (47)
        on left: 1
        on right: 0
    function_header (48)
        on left: 2 3
        on right: 1
    optional_parameters (49)
        on left: 4 5
        on right: 2
    parameters (50)
        on left: 6 7
        on right: 4 6
    parameter (51)
        on left: 8
        on right: 6 7
    variables (52)
        on left: 9 10
        on right: 1 9
    variable (53)
        on left: 11 12 13
        on right: 9
    type (54)
        on left: 14 15 16
        on right: 2 8 11 12
    list (55)
        on left: 17
        on right: 12 44
    expressions (56)
        on left: 18 19
        on right: 17 18
    body (57)
        on left: 20
        on right: 1
    statement_ (58)
        on left: 21 22
        on right: 11 13 20 31 32 34 38 39
    statement (59)
        on left: 23 24 25 26 27 28 29 30 31 32 33
        on right: 21
    elsif_clauses (60)
        on left: 34 35
        on right: 32 34
    cases (61)
        on left: 36 37
        on right: 31 36
    case (62)
        on left: 38 39
        on right: 36
    direction (63)
        on left: 40 41
        on right: 33
    operator (64)
        on left: 42 43
        on right: 33
    list_choice (65)
        on left: 44 45
        on right: 33
    condition (66)
        on left: 46
        on right: 24 26 27 28 29 32 34 53
    or_condition (67)
        on left: 47 48
        on right: 46 47
    and_condition (68)
        on left: 49 50
        on right: 47 48 49
    not_condition (69)
        on left: 51 52
        on right: 49 50 51
    relation (70)
        on left: 53 54
        on right: 52
    expression (71)
        on left: 55 56
        on right: 18 19 23 24 25 26 27 28 29 31 54 55 64 68
    term (72)
        on left: 57 58 59
        on right: 55 56 57 58
    power (73)
        on left: 60 61
        on right: 57 58 59 60
    unary (74)
        on left: 62 63
        on right: 60 61 62
    primary (75)
        on left: 64 65 66 67 68 69
        on right: 63


State 0

    0 $accept: . function $end

    FUNCTION  shift, and go to state 1

    function         go to state 2
    function_header  go to state 3


State 1

    2 function_header: FUNCTION . IDENTIFIER optional_parameters RETURNS type ';'
    3                | FUNCTION . IDENTIFIER error ';'

    IDENTIFIER  shift, and go to state 4


State 2

    0 $accept: function . $end

    $end  shift, and go to state 5


State 3

    1 function: function_header . variables body

    $default  reduce using rule 10 (variables)

    variables  go to state 6


State 4

    2 function_header: FUNCTION IDENTIFIER . optional_parameters RETURNS type ';'
    3                | FUNCTION IDENTIFIER . error ';'

    error       shift, and go to state 7
    IDENTIFIER  shift, and go to state 8

    RETURNS  reduce using rule 5 (optional_parameters)

    optional_parameters  go to state 9
    parameters           go to state 10
    parameter            go to state 11


State 5

    0 $accept: function $end .

    $default  accept


State 6

    1 function: function_header variables . body
    9 variables: variables . variable

    IDENTIFIER  shift, and go to state 12
    BEGIN_      shift, and go to state 13

    variable  go to state 14
    body      go to state 15


State 7

    3 function_header: FUNCTION IDENTIFIER error . ';'

    ';'  shift, and go to state 16


State 8

    8 parameter: IDENTIFIER . ':' type

    ':'  shift, and go to state 17


State 9

    2 function_header: FUNCTION IDENTIFIER optional_parameters . RETURNS type ';'

    RETURNS  shift, and go to state 18


State 10

    4 optional_parameters: parameters .
    6 parameters: parameters . ',' parameter

    ','  shift, and go to state 19

    $default  reduce using rule 4 (optional_parameters)


State 11

    7 parameters: parameter .

    $default  reduce using rule 7 (parameters)


State 12

   11 variable: IDENTIFIER . ':' type IS statement_
   12         | IDENTIFIER . ':' LIST OF type IS list ';'
   13         | IDENTIFIER . error IS statement_

    error  shift, and go to state 20
    ':'    shift, and go to state 21


State 13

   20 body: BEGIN_ . statement_ END ';'

    error         shift, and go to state 22
    IDENTIFIER    shift, and go to state 23
    INT_LITERAL   shift, and go to state 24
    REAL_LITERAL  shift, and go to state 25
    CHAR_LITERAL  shift, and go to state 26
    NEGOP         shift, and go to state 27
    FOLD          shift, and go to state 28
    IF            shift, and go to state 29
    SWITCH        shift, and go to state 30
    WHEN          shift, and go to state 31
    '('           shift, and go to state 32

    statement_  go to state 33
    statement   go to state 34
    expression  go to state 35
    term        go to state 36
    power       go to state 37
    unary       go to state 38
    primary     go to state 39


State 14

    9 variables: variables variable .

    $default  reduce using rule 9 (variables)


State 15

    1 function: function_header variables body .

    $default  reduce using rule 1 (function)


State 16

    3 function_header: FUNCTION IDENTIFIER error ';' .

    $default  reduce using rule 3 (function_header)


State 17

    8 parameter: IDENTIFIER ':' . type

    CHARACTER  shift, and go to state 40
    INTEGER    shift, and go to state 41
    REAL       shift, and go to state 42

    type  go to state 43


State 18

    2 function_header: FUNCTION IDENTIFIER optional_parameters RETURNS . type ';'

    CHARACTER  shift, and go to state 40
    INTEGER    shift, and go to state 41
    REAL       shift, and go to state 42

    type  go to state 44


State 19

    6 parameters: parameters ',' . parameter

    IDENTIFIER  shift, and go to state 8

    parameter  go to state 45


State 20

   13 variable: IDENTIFIER error . IS statement_

    IS  shift, and go to state 46


State 21

   11 variable: IDENTIFIER ':' . type IS statement_
   12         | IDENTIFIER ':' . LIST OF type IS list ';'

    CHARACTER  shift, and go to state 40
    INTEGER    shift, and go to state 41
    LIST       shift, and go to state 47
    REAL       shift, and go to state 42

    type  go to state 48


State 22

   22 statement_: error . ';'

    ';'  shift, and go to state 49


State 23

   68 primary: IDENTIFIER . '(' expression ')'
   69        | IDENTIFIER .

    '('  shift, and go to state 50

    $default  reduce using rule 69 (primary)


State 24

   65 primary: INT_LITERAL .

    $default  reduce using rule 65 (primary)


State 25

   66 primary: REAL_LITERAL .

    $default  reduce using rule 66 (primary)


State 26

   67 primary: CHAR_LITERAL .

    $default  reduce using rule 67 (primary)


State 27

   62 unary: NEGOP . unary

    IDENTIFIER    shift, and go to state 23
    INT_LITERAL   shift, and go to state 24
    REAL_LITERAL  shift, and go to state 25
    CHAR_LITERAL  shift, and go to state 26
    NEGOP         shift, and go to state 27
    '('           shift, and go to state 32

    unary    go to state 51
    primary  go to state 39


State 28

   33 statement: FOLD . direction operator list_choice ENDFOLD

    LEFT   shift, and go to state 52
    RIGHT  shift, and go to state 53

    direction  go to state 54


State 29

   32 statement: IF . condition THEN statement_ elsif_clauses ELSE statement_ ENDIF

    IDENTIFIER    shift, and go to state 23
    INT_LITERAL   shift, and go to state 24
    REAL_LITERAL  shift, and go to state 25
    CHAR_LITERAL  shift, and go to state 26
    NEGOP         shift, and go to state 27
    NOTOP         shift, and go to state 55
    '('           shift, and go to state 56

    condition      go to state 57
    or_condition   go to state 58
    and_condition  go to state 59
    not_condition  go to state 60
    relation       go to state 61
    expression     go to state 62
    term           go to state 36
    power          go to state 37
    unary          go to state 38
    primary        go to state 39


State 30

   31 statement: SWITCH . expression IS cases OTHERS ARROW statement_ ENDSWITCH

    IDENTIFIER    shift, and go to state 23
    INT_LITERAL   shift, and go to state 24
    REAL_LITERAL  shift, and go to state 25
    CHAR_LITERAL  shift, and go to state 26
    NEGOP         shift, and go to state 27
    '('           shift, and go to state 32

    expression  go to state 63
    term        go to state 36
    power       go to state 37
    unary       go to state 38
    primary     go to state 39


State 31

   24 statement: WHEN . condition ',' expression ':' expression
   25          | WHEN . error ',' expression ':' expression
   26          | WHEN . condition ',' error ':' expression
   27          | WHEN . condition ',' expression ':' error
   28          | WHEN . condition error expression ':' expression
   29          | WHEN . condition ',' expression error
   30          | WHEN . error

    error         shift, and go to state 64
    IDENTIFIER    shift, and go to state 23
    INT_LITERAL   shift, and go to state 24
    REAL_LITERAL  shift, and go to state 25
    CHAR_LITERAL  shift, and go to state 26
    NEGOP         shift, and go to state 27
    NOTOP         shift, and go to state 55
    '('           shift, and go to state 56

    condition      go to state 65
    or_condition   go to state 58
    and_condition  go to state 59
    not_condition  go to state 60
    relation       go to state 61
    expression     go to state 62
    term           go to state 36
    power          go to state 37
    unary          go to state 38
    primary        go to state 39


State 32

   64 primary: '(' . expression ')'

    IDENTIFIER    shift, and go to state 23
    INT_LITERAL   shift, and go to state 24
    REAL_LITERAL  shift, and go to state 25
    CHAR_LITERAL  shift, and go to state 26
    NEGOP         shift, and go to state 27
    '('           shift, and go to state 32

    expression  go to state 66
    term        go to state 36
    power       go to state 37
    unary       go to state 38
    primary     go to state 39


State 33

   20 body: BEGIN_ statement_ . END ';'

    END  shift, and go to state 67


State 34

   21 statement_: statement . ';'

    ';'  shift, and go to state 68


State 35

   23 statement: expression .
   55 expression: expression . ADDOP term

    ADDOP  shift, and go to state 69

    $default  reduce using rule 23 (statement)


State 36

   56 expression: term .
   57 term: term . MULOP power
   58     | term . MODOP power

    MULOP  shift, and go to state 70
    MODOP  shift, and go to state 71

    $default  reduce using rule 56 (expression)


State 37

   59 term: power .

    $default  reduce using rule 59 (term)


State 38

   60 power: unary . EXPOP power
   61      | unary .

    EXPOP  shift, and go to state 72

    $default  reduce using rule 61 (power)


State 39

   63 unary: primary .

    $default  reduce using rule 63 (unary)


State 40

   16 type: CHARACTER .

    $default  reduce using rule 16 (type)


State 41

   14 type: INTEGER .

    $default  reduce using rule 14 (type)


State 42

   15 type: REAL .

    $default  reduce using rule 15 (type)


State 43

    8 parameter: IDENTIFIER ':' type .

    $default  reduce using rule 8 (parameter)


State 44

    2 function_header: FUNCTION IDENTIFIER optional_parameters RETURNS type . ';'

    ';'  shift, and go to state 73


State 45

    6 parameters: parameters ',' parameter .

    $default  reduce using rule 6 (parameters)


State 46

   13 variable: IDENTIFIER error IS . statement_

    error         shift, and go to state 22
    IDENTIFIER    shift, and go to state 23
    INT_LITERAL   shift, and go to state 24
    REAL_LITERAL  shift, and go to state 25
    CHAR_LITERAL  shift, and go to state 26
    NEGOP         shift, and go to state 27
    FOLD          shift, and go to state 28
    IF            shift, and go to state 29
    SWITCH        shift, and go to state 30
    WHEN          shift, and go to state 31
    '('           shift, and go to state 32

    statement_  go to state 74
    statement   go to state 34
    expression  go to state 35
    term        go to state 36
    power       go to state 37
    unary       go to state 38
    primary     go to state 39


State 47

   12 variable: IDENTIFIER ':' LIST . OF type IS list ';'

    OF  shift, and go to state 75


State 48

   11 variable: IDENTIFIER ':' type . IS statement_

    IS  shift, and go to state 76


State 49

   22 statement_: error ';' .

    $default  reduce using rule 22 (statement_)


State 50

   68 primary: IDENTIFIER '(' . expression ')'

    IDENTIFIER    shift, and go to state 23
    INT_LITERAL   shift, and go to state 24
    REAL_LITERAL  shift, and go to state 25
    CHAR_LITERAL  shift, and go to state 26
    NEGOP         shift, and go to state 27
    '('           shift, and go to state 32

    expression  go to state 77
    term        go to state 36
    power       go to state 37
    unary       go to state 38
    primary     go to state 39


State 51

   62 unary: NEGOP unary .

    $default  reduce using rule 62 (unary)


State 52

   40 direction: LEFT .

    $default  reduce using rule 40 (direction)


State 53

   41 direction: RIGHT .

    $default  reduce using rule 41 (direction)


State 54

   33 statement: FOLD direction . operator list_choice ENDFOLD

    ADDOP  shift, and go to state 78
    MULOP  shift, and go to state 79

    operator  go to state 80


State 55

   51 not_condition: NOTOP . not_condition

    IDENTIFIER    shift, and go to state 23
    INT_LITERAL   shift, and go to state 24
    REAL_LITERAL  shift, and go to state 25
    CHAR_LITERAL  shift, and go to state 26
    NEGOP         shift, and go to state 27
    NOTOP         shift, and go to state 55
    '('           shift, and go to state 56

    not_condition  go to state 81
    relation       go to state 61
    expression     go to state 62
    term           go to state 36
    power          go to state 37
    unary          go to state 38
    primary        go to state 39


State 56

   53 relation: '(' . condition ')'
   64 primary: '(' . expression ')'

    IDENTIFIER    shift, and go to state 23
    INT_LITERAL   shift, and go to state 24
    REAL_LITERAL  shift, and go to state 25
    CHAR_LITERAL  shift, and go to state 26
    NEGOP         shift, and go to state 27
    NOTOP         shift, and go to state 55
    '('           shift, and go to state 56

    condition      go to state 82
    or_condition   go to state 58
    and_condition  go to state 59
    not_condition  go to state 60
    relation       go to state 61
    expression     go to state 83
    term           go to state 36
    power          go to state 37
    unary          go to state 38
    primary        go to state 39


State 57

   32 statement: IF condition . THEN statement_ elsif_clauses ELSE statement_ ENDIF

    THEN  shift, and go to state 84


State 58

   46 condition: or_condition .
   47 or_condition: or_condition . OROP and_condition

    OROP  shift, and go to state 85

    $default  reduce using rule 46 (condition)


State 59

   48 or_condition: and_condition .
   49 and_condition: and_condition . ANDOP not_condition

    ANDOP  shift, and go to state 86

    $default  reduce using rule 48 (or_condition)


State 60

   50 and_condition: not_condition .

    $default  reduce using rule 50 (and_condition)


State 61

   52 not_condition: relation .

    $default  reduce using rule 52 (not_condition)


State 62

   54 relation: expression . RELOP expression
   55 expression: expression . ADDOP term

    ADDOP  shift, and go to state 69
    RELOP  shift, and go to state 87


State 63

   31 statement: SWITCH expression . IS cases OTHERS ARROW statement_ ENDSWITCH
   55 expression: expression . ADDOP term

    ADDOP  shift, and go to state 69
    IS     shift, and go to state 88


State 64

   25 statement: WHEN error . ',' expression ':' expression
   30          | WHEN error .

    ','  shift, and go to state 89

    $default  reduce using rule 30 (statement)


State 65

   24 statement: WHEN condition . ',' expression ':' expression
   26          | WHEN condition . ',' error ':' expression
   27          | WHEN condition . ',' expression ':' error
   28          | WHEN condition . error expression ':' expression
   29          | WHEN condition . ',' expression error

    error  shift, and go to state 90
    ','    shift, and go to state 91


State 66

   55 expression: expression . ADDOP term
   64 primary: '(' expression . ')'

    ADDOP  shift, and go to state 69
    ')'    shift, and go to state 92


State 67

   20 body: BEGIN_ statement_ END . ';'

    ';'  shift, and go to state 93


State 68

   21 statement_: statement ';' .

    $default  reduce using rule 21 (statement_)


State 69

   55 expression: expression ADDOP . term

    IDENTIFIER    shift, and go to state 23
    INT_LITERAL   shift, and go to state 24
    REAL_LITERAL  shift, and go to state 25
    CHAR_LITERAL  shift, and go to state 26
    NEGOP         shift, and go to state 27
    '('           shift, and go to state 32

    term     go to state 94
    power    go to state 37
    unary    go to state 38
    primary  go to state 39


State 70

   57 term: term MULOP . power

    IDENTIFIER    shift, and go to state 23
    INT_LITERAL   shift, and go to state 24
    REAL_LITERAL  shift, and go to state 25
    CHAR_LITERAL  shift, and go to state 26
    NEGOP         shift, and go to state 27
    '('           shift, and go to state 32

    power    go to state 95
    unary    go to state 38
    primary  go to state 39


State 71

   58 term: term MODOP . power

    IDENTIFIER    shift, and go to state 23
    INT_LITERAL   shift, and go to state 24
    REAL_LITERAL  shift, and go to state 25
    CHAR_LITERAL  shift, and go to state 26
    NEGOP         shift, and go to state 27
    '('           shift, and go to state 32

    power    go to state 96
    unary    go to state 38
    primary  go to state 39


State 72

   60 power: unary EXPOP . power

    IDENTIFIER    shift, and go to state 23
    INT_LITERAL   shift, and go to state 24
    REAL_LITERAL  shift, and go to state 25
    CHAR_LITERAL  shift, and go to state 26
    NEGOP         shift, and go to state 27
    '('           shift, and go to state 32

    power    go to state 97
    unary    go to state 38
    primary  go to state 39


State 73

    2 function_header: FUNCTION IDENTIFIER optional_parameters RETURNS type ';' .

    $default  reduce using rule 2 (function_header)


State 74

   13 variable: IDENTIFIER error IS statement_ .

    $default  reduce using rule 13 (variable)


State 75

   12 variable: IDENTIFIER ':' LIST OF . type IS list ';'

    CHARACTER  shift, and go to state 40
    INTEGER    shift, and go to state 41
    REAL       shift, and go to state 42

    type  go to state 98


State 76

   11 variable: IDENTIFIER ':' type IS . statement_

    error         shift, and go to state 22
    IDENTIFIER    shift, and go to state 23
    INT_LITERAL   shift, and go to state 24
    REAL_LITERAL  shift, and go to state 25
    CHAR_LITERAL  shift, and go to state 26
    NEGOP         shift, and go to state 27
    FOLD          shift, and go to state 28
    IF            shift, and go to state 29
    SWITCH        shift, and go to state 30
    WHEN          shift, and go to state 31
    '('           shift, and go to state 32

    statement_  go to state 99
    statement   go to state 34
    expression  go to state 35
    term        go to state 36
    power       go to state 37
    unary       go to state 38
    primary     go to state 39


State 77

   55 expression: expression . ADDOP term
   68 primary: IDENTIFIER '(' expression . ')'

    ADDOP  shift, and go to state 69
    ')'    shift, and go to state 100


State 78

   42 operator: ADDOP .

    $default  reduce using rule 42 (operator)


State 79

   43 operator: MULOP .

    $default  reduce using rule 43 (operator)


State 80

   33 statement: FOLD direction operator . list_choice ENDFOLD

    IDENTIFIER  shift, and go to state 101
    '('         shift, and go to state 102

    list         go to state 103
    list_choice  go to state 104


State 81

   51 not_condition: NOTOP not_condition .

    $default  reduce using rule 51 (not_condition)


State 82

   53 relation: '(' condition . ')'

    ')'  shift, and go to state 105


State 83

   54 relation: expression . RELOP expression
   55 expression: expression . ADDOP term
   64 primary: '(' expression . ')'

    ADDOP  shift, and go to state 69
    RELOP  shift, and go to state 87
    ')'    shift, and go to state 92


State 84

   32 statement: IF condition THEN . statement_ elsif_clauses ELSE statement_ ENDIF

    error         shift, and go to state 22
    IDENTIFIER    shift, and go to state 23
    INT_LITERAL   shift, and go to state 24
    REAL_LITERAL  shift, and go to state 25
    CHAR_LITERAL  shift, and go to state 26
    NEGOP         shift, and go to state 27
    FOLD          shift, and go to state 28
    IF            shift, and go to state 29
    SWITCH        shift, and go to state 30
    WHEN          shift, and go to state 31
    '('           shift, and go to state 32

    statement_  go to state 106
    statement   go to state 34
    expression  go to state 35
    term        go to state 36
    power       go to state 37
    unary       go to state 38
    primary     go to state 39


State 85

   47 or_condition: or_condition OROP . and_condition

    IDENTIFIER    shift, and go to state 23
    INT_LITERAL   shift, and go to state 24
    REAL_LITERAL  shift, and go to state 25
    CHAR_LITERAL  shift, and go to state 26
    NEGOP         shift, and go to state 27
    NOTOP         shift, and go to state 55
    '('           shift, and go to state 56

    and_condition  go to state 107
    not_condition  go to state 60
    relation       go to state 61
    expression     go to state 62
    term           go to state 36
    power          go to state 37
    unary          go to state 38
    primary        go to state 39


State 86

   49 and_condition: and_condition ANDOP . not_condition

    IDENTIFIER    shift, and go to state 23
    INT_LITERAL   shift, and go to state 24
    REAL_LITERAL  shift, and go to state 25
    CHAR_LITERAL  shift, and go to state 26
    NEGOP         shift, and go to state 27
    NOTOP         shift, and go to state 55
    '('           shift, and go to state 56

    not_condition  go to state 108
    relation       go to state 61
    expression     go to state 62
    term           go to state 36
    power          go to state 37
    unary          go to state 38
    primary        go to state 39


State 87

   54 relation: expression RELOP . expression

    IDENTIFIER    shift, and go to state 23
    INT_LITERAL   shift, and go to state 24
    REAL_LITERAL  shift, and go to state 25
    CHAR_LITERAL  shift, and go to state 26
    NEGOP         shift, and go to state 27
    '('           shift, and go to state 32

    expression  go to state 109
    term        go to state 36
    power       go to state 37
    unary       go to state 38
    primary     go to state 39


State 88

   31 statement: SWITCH expression IS . cases OTHERS ARROW statement_ ENDSWITCH

    $default  reduce using rule 37 (cases)

    cases  go to state 110


State 89

   25 statement: WHEN error ',' . expression ':' expression

    IDENTIFIER    shift, and go to state 23
    INT_LITERAL   shift, and go to state 24
    REAL_LITERAL  shift, and go to state 25
    CHAR_LITERAL  shift, and go to state 26
    NEGOP         shift, and go to state 27
    '('           shift, and go to state 32

    expression  go to state 111
    term        go to state 36
    power       go to state 37
    unary       go to state 38
    primary     go to state 39


State 90

   28 statement: WHEN condition error . expression ':' expression

    IDENTIFIER    shift, and go to state 23
    INT_LITERAL   shift, and go to state 24
    REAL_LITERAL  shift, and go to state 25
    CHAR_LITERAL  shift, and go to state 26
    NEGOP         shift, and go to state 27
    '('           shift, and go to state 32

    expression  go to state 112
    term        go to state 36
    power       go to state 37
    unary       go to state 38
    primary     go to state 39


State 91

   24 statement: WHEN condition ',' . expression ':' expression
   26          | WHEN condition ',' . error ':' expression
   27          | WHEN condition ',' . expression ':' error
   29          | WHEN condition ',' . expression error

    error         shift, and go to state 113
    IDENTIFIER    shift, and go to state 23
    INT_LITERAL   shift, and go to state 24
    REAL_LITERAL  shift, and go to state 25
    CHAR_LITERAL  shift, and go to state 26
    NEGOP         shift, and go to state 27
    '('           shift, and go to state 32

    expression  go to state 114
    term        go to state 36
    power       go to state 37
    unary       go to state 38
    primary     go to state 39


State 92

   64 primary: '(' expression ')' .

    $default  reduce using rule 64 (primary)


State 93

   20 body: BEGIN_ statement_ END ';' .

    $default  reduce using rule 20 (body)


State 94

   55 expression: expression ADDOP term .
   57 term: term . MULOP power
   58     | term . MODOP power

    MULOP  shift, and go to state 70
    MODOP  shift, and go to state 71

    $default  reduce using rule 55 (expression)


State 95

   57 term: term MULOP power .

    $default  reduce using rule 57 (term)


State 96

   58 term: term MODOP power .

    $default  reduce using rule 58 (term)


State 97

   60 power: unary EXPOP power .

    $default  reduce using rule 60 (power)


State 98

   12 variable: IDENTIFIER ':' LIST OF type . IS list ';'

    IS  shift, and go to state 115


State 99

   11 variable: IDENTIFIER ':' type IS statement_ .

    $default  reduce using rule 11 (variable)


State 100

   68 primary: IDENTIFIER '(' expression ')' .

    $default  reduce using rule 68 (primary)


State 101

   45 list_choice: IDENTIFIER .

    $default  reduce using rule 45 (list_choice)


State 102

   17 list: '(' . expressions ')'

    IDENTIFIER    shift, and go to state 23
    INT_LITERAL   shift, and go to state 24
    REAL_LITERAL  shift, and go to state 25
    CHAR_LITERAL  shift, and go to state 26
    NEGOP         shift, and go to state 27
    '('           shift, and go to state 32

    expressions  go to state 116
    expression   go to state 117
    term         go to state 36
    power        go to state 37
    unary        go to state 38
    primary      go to state 39


State 103

   44 list_choice: list .

    $default  reduce using rule 44 (list_choice)


State 104

   33 statement: FOLD direction operator list_choice . ENDFOLD

    ENDFOLD  shift, and go to state 118


State 105

   53 relation: '(' condition ')' .

    $default  reduce using rule 53 (relation)


State 106

   32 statement: IF condition THEN statement_ . elsif_clauses ELSE statement_ ENDIF

    $default  reduce using rule 35 (elsif_clauses)

    elsif_clauses  go to state 119


State 107

   47 or_condition: or_condition OROP and_condition .
   49 and_condition: and_condition . ANDOP not_condition

    ANDOP  shift, and go to state 86

    $default  reduce using rule 47 (or_condition)


State 108

   49 and_condition: and_condition ANDOP not_condition .

    $default  reduce using rule 49 (and_condition)


State 109

   54 relation: expression RELOP expression .
   55 expression: expression . ADDOP term

    ADDOP  shift, and go to state 69

    $default  reduce using rule 54 (relation)


State 110

   31 statement: SWITCH expression IS cases . OTHERS ARROW statement_ ENDSWITCH
   36 cases: cases . case

    CASE    shift, and go to state 120
    OTHERS  shift, and go to state 121

    case  go to state 122


State 111

   25 statement: WHEN error ',' expression . ':' expression
   55 expression: expression . ADDOP term

    ADDOP  shift, and go to state 69
    ':'    shift, and go to state 123


State 112

   28 statement: WHEN condition error expression . ':' expression
   55 expression: expression . ADDOP term

    ADDOP  shift, and go to state 69
    ':'    shift, and go to state 124


State 113

   26 statement: WHEN condition ',' error . ':' expression

    ':'  shift, and go to state 125


State 114

   24 statement: WHEN condition ',' expression . ':' expression
   27          | WHEN condition ',' expression . ':' error
   29          | WHEN condition ',' expression . error
   55 expression: expression . ADDOP term

    error  shift, and go to state 126
    ADDOP  shift, and go to state 69
    ':'    shift, and go to state 127


State 115

   12 variable: IDENTIFIER ':' LIST OF type IS . list ';'

    '('  shift, and go to state 102

    list  go to state 128


State 116

   17 list: '(' expressions . ')'
   18 expressions: expressions . ',' expression

    ','  shift, and go to state 129
    ')'  shift, and go to state 130


State 117

   19 expressions: expression .
   55 expression: expression . ADDOP term

    ADDOP  shift, and go to state 69

    $default  reduce using rule 19 (expressions)


State 118

   33 statement: FOLD direction operator list_choice ENDFOLD .

    $default  reduce using rule 33 (statement)


State 119

   32 statement: IF condition THEN statement_ elsif_clauses . ELSE statement_ ENDIF
   34 elsif_clauses: elsif_clauses . ELSIF condition THEN statement_

    ELSE   shift, and go to state 131
    ELSIF  shift, and go to state 132


State 120

   38 case: CASE . INT_LITERAL ARROW statement_
   39     | CASE . error ARROW statement_

    error        shift, and go to state 133
    INT_LITERAL  shift, and go to state 134


State 121

   31 statement: SWITCH expression IS cases OTHERS . ARROW statement_ ENDSWITCH

    ARROW  shift, and go to state 135


State 122

   36 cases: cases case .

    $default  reduce using rule 36 (cases)


State 123

   25 statement: WHEN error ',' expression ':' . expression

    IDENTIFIER    shift, and go to state 23
    INT_LITERAL   shift, and go to state 24
    REAL_LITERAL  shift, and go to state 25
    CHAR_LITERAL  shift, and go to state 26
    NEGOP         shift, and go to state 27
    '('           shift, and go to state 32

    expression  go to state 136
    term        go to state 36
    power       go to state 37
    unary       go to state 38
    primary     go to state 39


State 124

   28 statement: WHEN condition error expression ':' . expression

    IDENTIFIER    shift, and go to state 23
    INT_LITERAL   shift, and go to state 24
    REAL_LITERAL  shift, and go to state 25
    CHAR_LITERAL  shift, and go to state 26
    NEGOP         shift, and go to state 27
    '('           shift, and go to state 32

    expression  go to state 137
    term        go to state 36
    power       go to state 37
    unary       go to state 38
    primary     go to state 39


State 125

   26 statement: WHEN condition ',' error ':' . expression

    IDENTIFIER    shift, and go to state 23
    INT_LITERAL   shift, and go to state 24
    REAL_LITERAL  shift, and go to state 25
    CHAR_LITERAL  shift, and go to state 26
    NEGOP         shift, and go to state 27
    '('           shift, and go to state 32

    expression  go to state 138
    term        go to state 36
    power       go to state 37
    unary       go to state 38
    primary     go to state 39


State 126

   29 statement: WHEN condition ',' expression error .

    $default  reduce using rule 29 (statement)


State 127

   24 statement: WHEN condition ',' expression ':' . expression
   27          | WHEN condition ',' expression ':' . error

    error         shift, and go to state 139
    IDENTIFIER    shift, and go to state 23
    INT_LITERAL   shift, and go to state 24
    REAL_LITERAL  shift, and go to state 25
    CHAR_LITERAL  shift, and go to state 26
    NEGOP         shift, and go to state 27
    '('           shift, and go to state 32

    expression  go to state 140
    term        go to state 36
    power       go to state 37
    unary       go to state 38
    primary     go to state 39


State 128

   12 variable: IDENTIFIER ':' LIST OF type IS list . ';'

    ';'  shift, and go to state 141


State 129

   18 expressions: expressions ',' . expression

    IDENTIFIER    shift, and go to state 23
    INT_LITERAL   shift, and go to state 24
    REAL_LITERAL  shift, and go to state 25
    CHAR_LITERAL  shift, and go to state 26
    NEGOP         shift, and go to state 27
    '('           shift, and go to state 32

    expression  go to state 142
    term        go to state 36
    power       go to state 37
    unary       go to state 38
    primary     go to state 39


State 130

   17 list: '(' expressions ')' .

    $default  reduce using rule 17 (list)


State 131

   32 statement: IF condition THEN statement_ elsif_clauses ELSE . statement_ ENDIF

    error         shift, and go to state 22
    IDENTIFIER    shift, and go to state 23
    INT_LITERAL   shift, and go to state 24
    REAL_LITERAL  shift, and go to state 25
    CHAR_LITERAL  shift, and go to state 26
    NEGOP         shift, and go to state 27
    FOLD          shift, and go to state 28
    IF            shift, and go to state 29
    SWITCH        shift, and go to state 30
    WHEN          shift, and go to state 31
    '('           shift, and go to state 32

    statement_  go to state 143
    statement   go to state 34
    expression  go to state 35
    term        go to state 36
    power       go to state 37
    unary       go to state 38
    primary     go to state 39


State 132

   34 elsif_clauses: elsif_clauses ELSIF . condition THEN statement_

    IDENTIFIER    shift, and go to state 23
    INT_LITERAL   shift, and go to state 24
    REAL_LITERAL  shift, and go to state 25
    CHAR_LITERAL  shift, and go to state 26
    NEGOP         shift, and go to state 27
    NOTOP         shift, and go to state 55
    '('           shift, and go to state 56

    condition      go to state 144
    or_condition   go to state 58
    and_condition  go to state 59
    not_condition  go to state 60
    relation       go to state 61
    expression     go to state 62
    term           go to state 36
    power          go to state 37
    unary          go to state 38
    primary        go to state 39


State 133

   39 case: CASE error . ARROW statement_

    ARROW  shift, and go to state 145


State 134

   38 case: CASE INT_LITERAL . ARROW statement_

    ARROW  shift, and go to state 146


State 135

   31 statement: SWITCH expression IS cases OTHERS ARROW . statement_ ENDSWITCH

    error         shift, and go to state 22
    IDENTIFIER    shift, and go to state 23
    INT_LITERAL   shift, and go to state 24
    REAL_LITERAL  shift, and go to state 25
    CHAR_LITERAL  shift, and go to state 26
    NEGOP         shift, and go to state 27
    FOLD          shift, and go to state 28
    IF            shift, and go to state 29
    SWITCH        shift, and go to state 30
    WHEN          shift, and go to state 31
    '('           shift, and go to state 32

    statement_  go to state 147
    statement   go to state 34
    expression  go to state 35
    term        go to state 36
    power       go to state 37
    unary       go to state 38
    primary     go to state 39


State 136

   25 statement: WHEN error ',' expression ':' expression .
   55 expression: expression . ADDOP term

    ADDOP  shift, and go to state 69

    $default  reduce using rule 25 (statement)


State 137

   28 statement: WHEN condition error expression ':' expression .
   55 expression: expression . ADDOP term

    ADDOP  shift, and go to state 69

    $default  reduce using rule 28 (statement)


State 138

   26 statement: WHEN condition ',' error ':' expression .
   55 expression: expression . ADDOP term

    ADDOP  shift, and go to state 69

    $default  reduce using rule 26 (statement)


State 139

   27 statement: WHEN condition ',' expression ':' error .

    $default  reduce using rule 27 (statement)


State 140

   24 statement: WHEN condition ',' expression ':' expression .
   55 expression: expression . ADDOP term

    ADDOP  shift, and go to state 69

    $default  reduce using rule 24 (statement)


State 141

   12 variable: IDENTIFIER ':' LIST OF type IS list ';' .

    $default  reduce using rule 12 (variable)


State 142

   18 expressions: expressions ',' expression .
   55 expression: expression . ADDOP term

    ADDOP  shift, and go to state 69

    $default  reduce using rule 18 (expressions)


State 143

   32 statement: IF condition THEN statement_ elsif_clauses ELSE statement_ . ENDIF

    ENDIF  shift, and go to state 148


State 144

   34 elsif_clauses: elsif_clauses ELSIF condition . THEN statement_

    THEN  shift, and go to state 149


State 145

   39 case: CASE error ARROW . statement_

    error         shift, and go to state 22
    IDENTIFIER    shift, and go to state 23
    INT_LITERAL   shift, and go to state 24
    REAL_LITERAL  shift, and go to state 25
    CHAR_LITERAL  shift, and go to state 26
    NEGOP         shift, and go to state 27
    FOLD          shift, and go to state 28
    IF            shift, and go to state 29
    SWITCH        shift, and go to state 30
    WHEN          shift, and go to state 31
    '('           shift, and go to state 32

    statement_  go to state 150
    statement   go to state 34
    expression  go to state 35
    term        go to state 36
    power       go to state 37
    unary       go to state 38
    primary     go to state 39


State 146

   38 case: CASE INT_LITERAL ARROW . statement_

    error         shift, and go to state 22
    IDENTIFIER    shift, and go to state 23
    INT_LITERAL   shift, and go to state 24
    REAL_LITERAL  shift, and go to state 25
    CHAR_LITERAL  shift, and go to state 26
    NEGOP         shift, and go to state 27
    FOLD          shift, and go to state 28
    IF            shift, and go to state 29
    SWITCH        shift, and go to state 30
    WHEN          shift, and go to state 31
    '('           shift, and go to state 32

    statement_  go to state 151
    statement   go to state 34
    expression  go to state 35
    term        go to state 36
    power       go to state 37
    unary       go to state 38
    primary     go to state 39


State 147

   31 statement: SWITCH expression IS cases OTHERS ARROW statement_ . ENDSWITCH

    ENDSWITCH  shift, and go to state 152


State 148

   32 statement: IF condition THEN statement_ elsif_clauses ELSE statement_ ENDIF .

    $default  reduce using rule 32 (statement)


State 149

   34 elsif_clauses: elsif_clauses ELSIF condition THEN . statement_

    error         shift, and go to state 22
    IDENTIFIER    shift, and go to state 23
    INT_LITERAL   shift, and go to state 24
    REAL_LITERAL  shift, and go to state 25
    CHAR_LITERAL  shift, and go to state 26
    NEGOP         shift, and go to state 27
    FOLD          shift, and go to state 28
    IF            shift, and go to state 29
    SWITCH        shift, and go to state 30
    WHEN          shift, and go to state 31
    '('           shift, and go to state 32

    statement_  go to state 153
    statement   go to state 34
    expression  go to state 35
    term        go to state 36
    power       go to state 37
    unary       go to state 38
    primary     go to state 39


State 150

   39 case: CASE error ARROW statement_ .

    $default  reduce using rule 39 (case)


State 151

   38 case: CASE INT_LITERAL ARROW statement_ .

    $default  reduce using rule 38 (case)


State 152

   31 statement: SWITCH expression IS cases OTHERS ARROW statement_ ENDSWITCH .

    $default  reduce using rule 31 (statement)


State 153

   34 elsif_clauses: elsif_clauses ELSIF condition THEN statement_ .

    $default  reduce using rule 34 (elsif_clauses)
